2025-10-07 22:34:25,827 - INFO - Connected to database: raw_themes.db
2025-10-07 22:34:25,828 - INFO - Columns in themes table: ['full_name', 'description', 'stars', 'files', 'readme', 'images', 'category', 'ai_description', 'ui_mods_score', 'stencil_patterns', 'tweaked_variants', 'processing_status']
2025-10-07 22:34:25,829 - INFO - Total rows in themes table: 142
2025-10-07 22:34:25,853 - INFO - Database backup created at: raw_themes.db.backup_20251007_223425
2025-10-07 22:34:25,860 - INFO - Progress: 142/142 (100.0%)
2025-10-07 22:34:25,886 - INFO - === Export Statistics ===
2025-10-07 22:34:25,886 - INFO - Total rows in database: 142
2025-10-07 22:34:25,886 - INFO - Rows processed: 142
2025-10-07 22:34:25,886 - INFO - Rows skipped: 0
2025-10-07 22:34:25,886 - INFO - Rows with errors: 0
2025-10-07 22:34:25,886 - INFO - JSON parsing errors: 0
2025-10-07 22:34:25,886 - INFO - Processing time: 0.06 seconds
2025-10-07 22:34:25,886 - INFO - Stars distribution:
2025-10-07 22:34:25,886 - INFO -   0: 0
2025-10-07 22:34:25,886 - INFO -   1-10: 0
2025-10-07 22:34:25,887 - INFO -   11-100: 7
2025-10-07 22:34:25,887 - INFO -   101-1000: 13
2025-10-07 22:34:25,887 - INFO -   1000+: 122
2025-10-07 22:34:25,887 - INFO - Top categories:
2025-10-07 22:34:25,887 - INFO -   other: 142
2025-10-07 22:34:25,887 - INFO - ========================
2025-10-07 22:34:25,887 - INFO - Exported 142 themes to full_themes.json
2025-10-07 22:34:25,891 - INFO - Summary file created at: full_themes_summary.json
2025-10-07 22:34:25,891 - INFO - Database connection closed
2025-10-07 22:36:53,413 - INFO - Connected to database: raw_themes.db
2025-10-07 22:36:53,417 - INFO - Columns in themes table: ['full_name', 'description', 'stars', 'files', 'readme', 'images', 'category', 'ai_description', 'ui_mods_score', 'stencil_patterns', 'tweaked_variants', 'processing_status']
2025-10-07 22:36:53,418 - INFO - Total rows in themes table: 142
2025-10-07 22:36:53,445 - INFO - Database backup created at: raw_themes.db.backup_20251007_223653
2025-10-07 22:36:53,452 - INFO - Progress: 142/142 (100.0%)
2025-10-07 22:36:53,481 - INFO - === Export Statistics ===
2025-10-07 22:36:53,481 - INFO - Total rows in database: 142
2025-10-07 22:36:53,481 - INFO - Rows processed: 142
2025-10-07 22:36:53,481 - INFO - Rows skipped: 0
2025-10-07 22:36:53,481 - INFO - Rows with errors: 0
2025-10-07 22:36:53,481 - INFO - JSON parsing errors: 0
2025-10-07 22:36:53,481 - INFO - Processing time: 0.07 seconds
2025-10-07 22:36:53,481 - INFO - Stars distribution:
2025-10-07 22:36:53,481 - INFO -   0: 0
2025-10-07 22:36:53,481 - INFO -   1-10: 0
2025-10-07 22:36:53,481 - INFO -   11-100: 7
2025-10-07 22:36:53,481 - INFO -   101-1000: 13
2025-10-07 22:36:53,481 - INFO -   1000+: 122
2025-10-07 22:36:53,481 - INFO - Top categories:
2025-10-07 22:36:53,481 - INFO -   other: 142
2025-10-07 22:36:53,481 - INFO - ========================
2025-10-07 22:36:53,481 - INFO - Exported 142 themes to full_themes.json
2025-10-07 22:36:53,486 - INFO - Summary file created at: full_themes_summary.json
2025-10-07 22:36:53,486 - INFO - Database connection closed
